生成启动时间为 2020/7/29 17:36:59。
     1>项目“E:\程序\showpic\LogFile\LogFile.vcxproj”在节点 2 上(Build 个目标)。
     1>C:\Program Files (x86)\MSBuild\Microsoft.Cpp\v4.0\V120\Microsoft.CppBuild.targets(381,5): warning MSB8028: The intermediate directory (.\..\Release_x64\) contains files shared from another project (ShowPic.vcxproj, Utility.vcxproj).  This can lead to incorrect clean and rebuild behavior.
     1>ClCompile:
         C:\Program Files (x86)\Microsoft Visual Studio 12.0\VC\bin\x86_amd64\CL.exe /c /I.\..\include /Zi /nologo /W3 /WX- /O2 /Ob2 /Oi /Ot /GL /D WIN32 /D NDEBUG /D _LIB /D _WINDLL /D _MBCS /Gm- /EHsc /MD /GS /Gy /fp:precise /Zc:wchar_t /Zc:forScope /Fo".\..\Release_x64\\" /Fd".\..\Release_x64\vc120.pdb" /Gd /TP /errorReport:prompt LogFile.cpp
         LogFile.cpp
     1>LogFile.cpp(7): warning C4273: “CLogFile::CLogFile”: dll 链接不一致
                 E:\程序\showpic\include\LogFile/LogFile.h(23) : 参见“{ctor}”的前一个定义
     1>LogFile.cpp(14): warning C4273: “CLogFile::~CLogFile”: dll 链接不一致
                 E:\程序\showpic\include\LogFile/LogFile.h(24) : 参见“{dtor}”的前一个定义
     1>LogFile.cpp(22): warning C4273: “CLogFile::TraceMessage”: dll 链接不一致
                 E:\程序\showpic\include\LogFile/LogFile.h(34) : 参见“TraceMessage”的前一个定义
     1>LogFile.cpp(34): warning C4273: “CLogFile::LogFormat”: dll 链接不一致
                 E:\程序\showpic\include\LogFile/LogFile.h(27) : 参见“LogFormat”的前一个定义
     1>LogFile.cpp(70): warning C4273: “CLogFile::LogMessage”: dll 链接不一致
                 E:\程序\showpic\include\LogFile/LogFile.h(26) : 参见“LogMessage”的前一个定义
     1>LogFile.cpp(89): warning C4267: “初始化”: 从“size_t”转换到“int”，可能丢失数据
     1>LogFile.cpp(183): warning C4273: “CLogFile::CreateMultiDir”: dll 链接不一致
                 E:\程序\showpic\include\LogFile/LogFile.h(32) : 参见“CreateMultiDir”的前一个定义
     1>LogFile.cpp(189): warning C4267: “初始化”: 从“size_t”转换到“int”，可能丢失数据
     1>LogFile.cpp(202): warning C4996: 'mkdir': The POSIX name for this item is deprecated. Instead, use the ISO C++ conformant name: _mkdir. See online help for details.
                 C:\Program Files (x86)\Microsoft Visual Studio 12.0\VC\include\direct.h(140) : 参见“mkdir”的声明
       Link:
         C:\Program Files (x86)\Microsoft Visual Studio 12.0\VC\bin\x86_amd64\link.exe /ERRORREPORT:PROMPT /OUT:".\..\Release_x64\LogFile.dll" /NOLOGO /LIBPATH:.\..\Release_x64 kernel32.lib user32.lib gdi32.lib winspool.lib comdlg32.lib advapi32.lib shell32.lib ole32.lib oleaut32.lib uuid.lib odbc32.lib odbccp32.lib /DEF:"LogFile.def" /MANIFEST /MANIFESTUAC:"level='asInvoker' uiAccess='false'" /manifest:embed /DEBUG /PDB:".\..\Release_x64\LogFile.pdb" /LTCG /TLBID:1 /DYNAMICBASE /NXCOMPAT /IMPLIB:".\..\Release_x64\LogFile.lib" /MACHINE:X64 /DLL .\..\Release_x64\LogFile.obj
            正在创建库 .\..\Release_x64\LogFile.lib 和对象 .\..\Release_x64\LogFile.exp
         正在生成代码
         已完成代码的生成
         LogFile.vcxproj -> E:\程序\showpic\LogFile\.\..\Release_x64\LogFile.dll
     1>已完成生成项目“E:\程序\showpic\LogFile\LogFile.vcxproj”(Build 个目标)的操作。

生成成功。

已用时间 00:00:01.42
