生成启动时间为 2020/7/29 18:45:28。
     1>项目“E:\程序\showpic\ShowPic\ShowPic.vcxproj”在节点 2 上(Build 个目标)。
     1>C:\Program Files (x86)\MSBuild\Microsoft.Cpp\v4.0\V120\Microsoft.CppBuild.targets(381,5): warning MSB8028: The intermediate directory (.\..\Release_x64\) contains files shared from another project (LogFile.vcxproj, Utility.vcxproj).  This can lead to incorrect clean and rebuild behavior.
     1>ClCompile:
         C:\Program Files (x86)\Microsoft Visual Studio 12.0\VC\bin\x86_amd64\CL.exe /c /I.\..\include /Zi /nologo /W3 /WX- /sdl /O2 /Oi /GL /D WIN32 /D _WINDOWS /D NDEBUG /D UPPROCESS /D _CRT_SECURE_NO_WARNINGS /D _MBCS /D _AFXDLL /Gm- /EHsc /MD /GS /Gy /fp:precise /Zc:wchar_t /Zc:forScope /Yu"stdafx.h" /Fp".\..\Release_x64\ShowPic.pch" /Fo".\..\Release_x64\\" /Fd".\..\Release_x64\vc120.pdb" /Gd /TP /errorReport:prompt ShowPicDlg.cpp
         ShowPicDlg.cpp
     1>ShowPicDlg.cpp(227): warning C4244: “=”: 从“double”转换到“int”，可能丢失数据
     1>ShowPicDlg.cpp(235): warning C4244: “=”: 从“double”转换到“int”，可能丢失数据
       Link:
         C:\Program Files (x86)\Microsoft Visual Studio 12.0\VC\bin\x86_amd64\link.exe /ERRORREPORT:PROMPT /OUT:".\..\Release_x64\ShowPic.exe" /INCREMENTAL:NO /NOLOGO /LIBPATH:.\..\Release_x64 Utility.lib LogFile.lib opencv_calib3d2410.lib opencv_contrib2410.lib opencv_core2410.lib opencv_features2d2410.lib opencv_flann2410.lib opencv_gpu2410.lib opencv_highgui2410.lib opencv_imgproc2410.lib opencv_legacy2410.lib opencv_ml2410.lib opencv_nonfree2410.lib opencv_objdetect2410.lib opencv_ocl2410.lib opencv_photo2410.lib opencv_stitching2410.lib opencv_superres2410.lib opencv_ts2410.lib opencv_video2410.lib opencv_videostab2410.lib /MANIFEST /MANIFESTUAC:"level='asInvoker' uiAccess='false'" /manifest:embed /manifestinput:"C:\Program Files (x86)\Microsoft Visual Studio 12.0\VC\Include\Manifest\dpiaware.manifest" /DEBUG /PDB:".\..\Release_x64\ShowPic.pdb" /SUBSYSTEM:WINDOWS /OPT:REF /OPT:ICF /LTCG /TLBID:1 /DYNAMICBASE /NXCOMPAT /IMPLIB:".\..\Release_x64\ShowPic.lib" /MACHINE:X64 .\..\Release_x64\ShowPic.res
         .\..\Release_x64\CvvImage.obj
         .\..\Release_x64\ShowPic.obj
         .\..\Release_x64\ShowPicDlg.obj
         .\..\Release_x64\stdafx.obj
         正在生成代码
         已完成代码的生成
         ShowPic.vcxproj -> E:\程序\showpic\ShowPic\.\..\Release_x64\ShowPic.exe
     1>已完成生成项目“E:\程序\showpic\ShowPic\ShowPic.vcxproj”(Build 个目标)的操作。

生成成功。

已用时间 00:00:02.27
